d:\workspace\musicplayer\musicplayer\musicplayer\musicplayer\x64\debug\leftwgt.obj
d:\workspace\musicplayer\musicplayer\musicplayer\musicplayer\x64\debug\downprocessbar.obj
d:\workspace\musicplayer\musicplayer\musicplayer\musicplayer\x64\debug\maincontentwgt.obj
d:\workspace\musicplayer\musicplayer\musicplayer\musicplayer\x64\debug\moc\moc_musicplayer.cpp
d:\workspace\musicplayer\musicplayer\musicplayer\musicplayer\x64\debug\moc\moc_bottomwgt.cpp
d:\workspace\musicplayer\musicplayer\musicplayer\musicplayer\x64\debug\moc\moc_leftwgt.cpp
d:\workspace\musicplayer\musicplayer\musicplayer\musicplayer\x64\debug\moc\moc_maincontentwgt.cpp
d:\workspace\musicplayer\musicplayer\musicplayer\musicplayer\x64\debug\moc\moc_downprocessbar.cpp
d:\workspace\musicplayer\musicplayer\musicplayer\musicplayer\x64\debug\uic\ui_bottomwgt.h
d:\workspace\musicplayer\musicplayer\musicplayer\musicplayer\x64\debug\uic\ui_leftwgt.h
d:\workspace\musicplayer\musicplayer\musicplayer\musicplayer\x64\debug\uic\ui_maincontentwgt.h
d:\workspace\musicplayer\musicplayer\musicplayer\musicplayer\x64\debug\uic\ui_musicplayer.h
d:\workspace\musicplayer\musicplayer\musicplayer\musicplayer\x64\debug\rcc\qrc_musicplayer.cpp
d:\workspace\musicplayer\musicplayer\musicplayer\musicplayer\x64\debug\vc143.pdb
d:\workspace\musicplayer\musicplayer\musicplayer\musicplayer\x64\debug\musicplayer.tlog\cl.20784.write.1.tlog
d:\workspace\musicplayer\musicplayer\musicplayer\musicplayer\x64\debug\musicplayer.tlog\cl.command.1.tlog
d:\workspace\musicplayer\musicplayer\musicplayer\musicplayer\x64\debug\musicplayer.tlog\cl.read.1.tlog
d:\workspace\musicplayer\musicplayer\musicplayer\musicplayer\x64\debug\musicplayer.tlog\moc.read.1u.tlog
d:\workspace\musicplayer\musicplayer\musicplayer\musicplayer\x64\debug\musicplayer.tlog\moc.write.1u.tlog
d:\workspace\musicplayer\musicplayer\musicplayer\musicplayer\x64\debug\musicplayer.tlog\musicplayer.write.1u.tlog
d:\workspace\musicplayer\musicplayer\musicplayer\musicplayer\x64\debug\musicplayer.tlog\rcc.read.1u.tlog
d:\workspace\musicplayer\musicplayer\musicplayer\musicplayer\x64\debug\musicplayer.tlog\rcc.write.1u.tlog
d:\workspace\musicplayer\musicplayer\musicplayer\musicplayer\x64\debug\musicplayer.tlog\uic.read.1u.tlog
d:\workspace\musicplayer\musicplayer\musicplayer\musicplayer\x64\debug\musicplayer.tlog\uic.write.1u.tlog
